{"$message_type":"diagnostic","message":"unresolved import `tower`","code":{"code":"E0432","explanation":"An import was unresolved.\n\nErroneous code example:\n\n```compile_fail,E0432\nuse something::Foo; // error: unresolved import `something::Foo`.\n```\n\nIn Rust 2015, paths in `use` statements are relative to the crate root. To\nimport items relative to the current and parent modules, use the `self::` and\n`super::` prefixes, respectively.\n\nIn Rust 2018 or later, paths in `use` statements are relative to the current\nmodule unless they begin with the name of a crate or a literal `crate::`, in\nwhich case they start from the crate root. As in Rust 2015 code, the `self::`\nand `super::` prefixes refer to the current and parent modules respectively.\n\nAlso verify that you didn't misspell the import name and that the import exists\nin the module from where you tried to import it. Example:\n\n```\nuse self::something::Foo; // Ok.\n\nmod something {\n    pub struct Foo;\n}\n# fn main() {}\n```\n\nIf you tried to use a module from an external crate and are using Rust 2015,\nyou may have missed the `extern crate` declaration (which is usually placed in\nthe crate root):\n\n```edition2015\nextern crate core; // Required to use the `core` crate in Rust 2015.\n\nuse core::any;\n# fn main() {}\n```\n\nSince Rust 2018 the `extern crate` declaration is not required and\nyou can instead just `use` it:\n\n```edition2018\nuse core::any; // No extern crate required in Rust 2018.\n# fn main() {}\n```\n"},"level":"error","spans":[{"file_name":"tests/api_auth.rs","byte_start":169,"byte_end":174,"line_start":7,"line_end":7,"column_start":5,"column_end":10,"is_primary":true,"text":[{"text":"use tower::ServiceExt; // for `oneshot`","highlight_start":5,"highlight_end":10}],"label":"use of unresolved module or unlinked crate `tower`","suggested_replacement":null,"suggestion_applicability":null,"expansion":null}],"children":[{"message":"if you wanted to use a crate named `tower`, use `cargo add tower` to add it to your `Cargo.toml`","code":null,"level":"help","spans":[],"children":[],"rendered":null}],"rendered":"\u001b[1m\u001b[91merror[E0432]\u001b[0m\u001b[1m: unresolved import `tower`\u001b[0m\n \u001b[1m\u001b[94m--> \u001b[0mtests/api_auth.rs:7:5\n  \u001b[1m\u001b[94m|\u001b[0m\n\u001b[1m\u001b[94m7\u001b[0m \u001b[1m\u001b[94m|\u001b[0m use tower::ServiceExt; // for `oneshot`\n  \u001b[1m\u001b[94m|\u001b[0m     \u001b[1m\u001b[91m^^^^^\u001b[0m \u001b[1m\u001b[91muse of unresolved module or unlinked crate `tower`\u001b[0m\n  \u001b[1m\u001b[94m|\u001b[0m\n  \u001b[1m\u001b[94m= \u001b[0m\u001b[1mhelp\u001b[0m: if you wanted to use a crate named `tower`, use `cargo add tower` to add it to your `Cargo.toml`\n\n"}
{"$message_type":"diagnostic","message":"unused imports: `CreateUserRequest` and `LoginRequest`","code":{"code":"unused_imports","explanation":null},"level":"warning","spans":[{"file_name":"tests/api_auth.rs","byte_start":47,"byte_end":64,"line_start":2,"line_end":2,"column_start":23,"column_end":40,"is_primary":true,"text":[{"text":"use alpha3d::models::{CreateUserRequest, LoginRequest, AuthResponse, User};","highlight_start":23,"highlight_end":40}],"label":null,"suggested_replacement":null,"suggestion_applicability":null,"expansion":null},{"file_name":"tests/api_auth.rs","byte_start":66,"byte_end":78,"line_start":2,"line_end":2,"column_start":42,"column_end":54,"is_primary":true,"text":[{"text":"use alpha3d::models::{CreateUserRequest, LoginRequest, AuthResponse, User};","highlight_start":42,"highlight_end":54}],"label":null,"suggested_replacement":null,"suggestion_applicability":null,"expansion":null}],"children":[{"message":"`#[warn(unused_imports)]` (part of `#[warn(unused)]`) on by default","code":null,"level":"note","spans":[],"children":[],"rendered":null},{"message":"remove the unused imports","code":null,"level":"help","spans":[{"file_name":"tests/api_auth.rs","byte_start":47,"byte_end":80,"line_start":2,"line_end":2,"column_start":23,"column_end":56,"is_primary":true,"text":[{"text":"use alpha3d::models::{CreateUserRequest, LoginRequest, AuthResponse, User};","highlight_start":23,"highlight_end":56}],"label":null,"suggested_replacement":"","suggestion_applicability":"MachineApplicable","expansion":null}],"children":[],"rendered":null}],"rendered":"\u001b[1m\u001b[33mwarning\u001b[0m\u001b[1m: unused imports: `CreateUserRequest` and `LoginRequest`\u001b[0m\n \u001b[1m\u001b[94m--> \u001b[0mtests/api_auth.rs:2:23\n  \u001b[1m\u001b[94m|\u001b[0m\n\u001b[1m\u001b[94m2\u001b[0m \u001b[1m\u001b[94m|\u001b[0m use alpha3d::models::{CreateUserRequest, LoginRequest, AuthResponse, User};\n  \u001b[1m\u001b[94m|\u001b[0m                       \u001b[1m\u001b[33m^^^^^^^^^^^^^^^^^\u001b[0m  \u001b[1m\u001b[33m^^^^^^^^^^^^\u001b[0m\n  \u001b[1m\u001b[94m|\u001b[0m\n  \u001b[1m\u001b[94m= \u001b[0m\u001b[1mnote\u001b[0m: `#[warn(unused_imports)]` (part of `#[warn(unused)]`) on by default\n\n"}
{"$message_type":"diagnostic","message":"no method named `oneshot` found for struct `Router<S>` in the current scope","code":{"code":"E0599","explanation":"This error occurs when a method is used on a type which doesn't implement it:\n\nErroneous code example:\n\n```compile_fail,E0599\nstruct Mouth;\n\nlet x = Mouth;\nx.chocolate(); // error: no method named `chocolate` found for type `Mouth`\n               //        in the current scope\n```\n\nIn this case, you need to implement the `chocolate` method to fix the error:\n\n```\nstruct Mouth;\n\nimpl Mouth {\n    fn chocolate(&self) { // We implement the `chocolate` method here.\n        println!(\"Hmmm! I love chocolate!\");\n    }\n}\n\nlet x = Mouth;\nx.chocolate(); // ok!\n```\n"},"level":"error","spans":[{"file_name":"tests/api_auth.rs","byte_start":828,"byte_end":849,"line_start":28,"line_end":29,"column_start":20,"column_end":10,"is_primary":false,"text":[{"text":"    let response = app.clone()","highlight_start":20,"highlight_end":31},{"text":"        .oneshot(","highlight_start":1,"highlight_end":10}],"label":"","suggested_replacement":null,"suggestion_applicability":null,"expansion":null},{"file_name":"/Users/yezune/.cargo/registry/src/index.crates.io-1949cf8c6b5b557f/tower-0.5.2/src/util/mod.rs","byte_start":2269,"byte_end":2276,"line_start":89,"line_end":89,"column_start":8,"column_end":15,"is_primary":false,"text":[{"text":"    fn oneshot(self, req: Request) -> Oneshot<Self, Request>","highlight_start":8,"highlight_end":15}],"label":"the method is available for `Router` here","suggested_replacement":null,"suggestion_applicability":null,"expansion":null},{"file_name":"tests/api_auth.rs","byte_start":849,"byte_end":856,"line_start":29,"line_end":29,"column_start":10,"column_end":17,"is_primary":true,"text":[{"text":"        .oneshot(","highlight_start":10,"highlight_end":17}],"label":null,"suggested_replacement":null,"suggestion_applicability":null,"expansion":null}],"children":[{"message":"items from traits can only be used if the trait is in scope","code":null,"level":"help","spans":[],"children":[],"rendered":null},{"message":"there is a method `nest` with a similar name, but with different arguments","code":null,"level":"help","spans":[{"file_name":"/Users/yezune/.cargo/registry/src/index.crates.io-1949cf8c6b5b557f/axum-0.7.9/src/routing/mod.rs","byte_start":5508,"byte_end":5564,"line_start":195,"line_end":195,"column_start":5,"column_end":61,"is_primary":true,"text":[{"text":"    pub fn nest(self, path: &str, router: Router<S>) -> Self {","highlight_start":5,"highlight_end":61}],"label":null,"suggested_replacement":null,"suggestion_applicability":null,"expansion":null}],"children":[],"rendered":null},{"message":"trait `ServiceExt` which provides `oneshot` is implemented but not in scope; perhaps you want to import it","code":null,"level":"help","spans":[{"file_name":"tests/api_auth.rs","byte_start":0,"byte_end":0,"line_start":1,"line_end":1,"column_start":1,"column_end":1,"is_primary":true,"text":[],"label":null,"suggested_replacement":"use tower::util::ServiceExt;\n","suggestion_applicability":"MaybeIncorrect","expansion":null}],"children":[],"rendered":null}],"rendered":"\u001b[1m\u001b[91merror[E0599]\u001b[0m\u001b[1m: no method named `oneshot` found for struct `Router<S>` in the current scope\u001b[0m\n   \u001b[1m\u001b[94m--> \u001b[0mtests/api_auth.rs:29:10\n    \u001b[1m\u001b[94m|\u001b[0m\n\u001b[1m\u001b[94m 28\u001b[0m \u001b[1m\u001b[94m|\u001b[0m       let response = app.clone()\n    \u001b[1m\u001b[94m|\u001b[0m \u001b[1m\u001b[94m ____________________-\u001b[0m\n\u001b[1m\u001b[94m 29\u001b[0m \u001b[1m\u001b[94m|\u001b[0m \u001b[1m\u001b[94m|\u001b[0m         .oneshot(\n    \u001b[1m\u001b[94m|\u001b[0m \u001b[1m\u001b[94m|_________-\u001b[0m\u001b[1m\u001b[91m^^^^^^^\u001b[0m\n    \u001b[1m\u001b[94m|\u001b[0m\n   \u001b[1m\u001b[94m::: \u001b[0m/Users/yezune/.cargo/registry/src/index.crates.io-1949cf8c6b5b557f/tower-0.5.2/src/util/mod.rs:89:8\n    \u001b[1m\u001b[94m|\u001b[0m\n\u001b[1m\u001b[94m 89\u001b[0m \u001b[1m\u001b[94m|\u001b[0m       fn oneshot(self, req: Request) -> Oneshot<Self, Request>\n    \u001b[1m\u001b[94m|\u001b[0m          \u001b[1m\u001b[94m-------\u001b[0m \u001b[1m\u001b[94mthe method is available for `Router` here\u001b[0m\n    \u001b[1m\u001b[94m|\u001b[0m\n    \u001b[1m\u001b[94m= \u001b[0m\u001b[1mhelp\u001b[0m: items from traits can only be used if the trait is in scope\n\u001b[1m\u001b[96mhelp\u001b[0m: there is a method `nest` with a similar name, but with different arguments\n   \u001b[1m\u001b[94m--> \u001b[0m/Users/yezune/.cargo/registry/src/index.crates.io-1949cf8c6b5b557f/axum-0.7.9/src/routing/mod.rs:195:5\n    \u001b[1m\u001b[94m|\u001b[0m\n\u001b[1m\u001b[94m195\u001b[0m \u001b[1m\u001b[94m|\u001b[0m     pub fn nest(self, path: &str, router: Router<S>) -> Self {\n    \u001b[1m\u001b[94m|\u001b[0m     \u001b[1m\u001b[96m^^^^^^^^^^^^^^^^^^^^^^^^^^^^^^^^^^^^^^^^^^^^^^^^^^^^^^^^\u001b[0m\n\u001b[1m\u001b[96mhelp\u001b[0m: trait `ServiceExt` which provides `oneshot` is implemented but not in scope; perhaps you want to import it\n    \u001b[1m\u001b[94m|\u001b[0m\n\u001b[1m\u001b[94m  1\u001b[0m \u001b[92m+ use tower::util::ServiceExt;\u001b[0m\n    \u001b[1m\u001b[94m|\u001b[0m\n\n"}
{"$message_type":"diagnostic","message":"type annotations needed","code":{"code":"E0282","explanation":"The compiler could not infer a type and asked for a type annotation.\n\nErroneous code example:\n\n```compile_fail,E0282\nlet x = Vec::new();\n```\n\nThis error indicates that type inference did not result in one unique possible\ntype, and extra information is required. In most cases this can be provided\nby adding a type annotation. Sometimes you need to specify a generic type\nparameter manually.\n\nIn the example above, type `Vec` has a type parameter `T`. When calling\n`Vec::new`, barring any other later usage of the variable `x` that allows the\ncompiler to infer what type `T` is, the compiler needs to be told what it is.\n\nThe type can be specified on the variable:\n\n```\nlet x: Vec<i32> = Vec::new();\n```\n\nThe type can also be specified in the path of the expression:\n\n```\nlet x = Vec::<i32>::new();\n```\n\nIn cases with more complex types, it is not necessary to annotate the full\ntype. Once the ambiguity is resolved, the compiler can infer the rest:\n\n```\nlet x: Vec<_> = \"hello\".chars().rev().collect();\n```\n\nAnother way to provide the compiler with enough information, is to specify the\ngeneric type parameter:\n\n```\nlet x = \"hello\".chars().rev().collect::<Vec<char>>();\n```\n\nAgain, you need not specify the full type if the compiler can infer it:\n\n```\nlet x = \"hello\".chars().rev().collect::<Vec<_>>();\n```\n\nApart from a method or function with a generic type parameter, this error can\noccur when a type parameter of a struct or trait cannot be inferred. In that\ncase it is not always possible to use a type annotation, because all candidates\nhave the same return type. For instance:\n\n```compile_fail,E0282\nstruct Foo<T> {\n    num: T,\n}\n\nimpl<T> Foo<T> {\n    fn bar() -> i32 {\n        0\n    }\n\n    fn baz() {\n        let number = Foo::bar();\n    }\n}\n```\n\nThis will fail because the compiler does not know which instance of `Foo` to\ncall `bar` on. Change `Foo::bar()` to `Foo::<T>::bar()` to resolve the error.\n"},"level":"error","spans":[{"file_name":"tests/api_auth.rs","byte_start":828,"byte_end":1224,"line_start":28,"line_end":40,"column_start":20,"column_end":15,"is_primary":true,"text":[{"text":"    let response = app.clone()","highlight_start":20,"highlight_end":31},{"text":"        .oneshot(","highlight_start":1,"highlight_end":18},{"text":"            Request::builder()","highlight_start":1,"highlight_end":31},{"text":"                .method(\"POST\")","highlight_start":1,"highlight_end":32},{"text":"                .uri(\"/api/auth/signup\")","highlight_start":1,"highlight_end":41},{"text":"                .header(\"Content-Type\", \"application/json\")","highlight_start":1,"highlight_end":60},{"text":"                .body(Body::from(json!({","highlight_start":1,"highlight_end":41},{"text":"                    \"email\": email,","highlight_start":1,"highlight_end":36},{"text":"                    \"password\": password","highlight_start":1,"highlight_end":41},{"text":"                }).to_string()))","highlight_start":1,"highlight_end":33},{"text":"                .unwrap(),","highlight_start":1,"highlight_end":27},{"text":"        )","highlight_start":1,"highlight_end":10},{"text":"        .await","highlight_start":1,"highlight_end":15}],"label":"cannot infer type","suggested_replacement":null,"suggestion_applicability":null,"expansion":null}],"children":[],"rendered":"\u001b[1m\u001b[91merror[E0282]\u001b[0m\u001b[1m: type annotations needed\u001b[0m\n  \u001b[1m\u001b[94m--> \u001b[0mtests/api_auth.rs:28:20\n   \u001b[1m\u001b[94m|\u001b[0m\n\u001b[1m\u001b[94m28\u001b[0m \u001b[1m\u001b[94m|\u001b[0m       let response = app.clone()\n   \u001b[1m\u001b[94m|\u001b[0m \u001b[1m\u001b[91m ____________________^\u001b[0m\n\u001b[1m\u001b[94m29\u001b[0m \u001b[1m\u001b[94m|\u001b[0m \u001b[1m\u001b[91m|\u001b[0m         .oneshot(\n\u001b[1m\u001b[94m30\u001b[0m \u001b[1m\u001b[94m|\u001b[0m \u001b[1m\u001b[91m|\u001b[0m             Request::builder()\n\u001b[1m\u001b[94m31\u001b[0m \u001b[1m\u001b[94m|\u001b[0m \u001b[1m\u001b[91m|\u001b[0m                 .method(\"POST\")\n\u001b[1m\u001b[94m...\u001b[0m  \u001b[1m\u001b[91m|\u001b[0m\n\u001b[1m\u001b[94m40\u001b[0m \u001b[1m\u001b[94m|\u001b[0m \u001b[1m\u001b[91m|\u001b[0m         .await\n   \u001b[1m\u001b[94m|\u001b[0m \u001b[1m\u001b[91m|______________^\u001b[0m \u001b[1m\u001b[91mcannot infer type\u001b[0m\n\n"}
{"$message_type":"diagnostic","message":"no method named `oneshot` found for struct `Router<S>` in the current scope","code":{"code":"E0599","explanation":"This error occurs when a method is used on a type which doesn't implement it:\n\nErroneous code example:\n\n```compile_fail,E0599\nstruct Mouth;\n\nlet x = Mouth;\nx.chocolate(); // error: no method named `chocolate` found for type `Mouth`\n               //        in the current scope\n```\n\nIn this case, you need to implement the `chocolate` method to fix the error:\n\n```\nstruct Mouth;\n\nimpl Mouth {\n    fn chocolate(&self) { // We implement the `chocolate` method here.\n        println!(\"Hmmm! I love chocolate!\");\n    }\n}\n\nlet x = Mouth;\nx.chocolate(); // ok!\n```\n"},"level":"error","spans":[{"file_name":"tests/api_auth.rs","byte_start":1519,"byte_end":1540,"line_start":49,"line_end":50,"column_start":20,"column_end":10,"is_primary":false,"text":[{"text":"    let response = app.clone()","highlight_start":20,"highlight_end":31},{"text":"        .oneshot(","highlight_start":1,"highlight_end":10}],"label":"","suggested_replacement":null,"suggestion_applicability":null,"expansion":null},{"file_name":"/Users/yezune/.cargo/registry/src/index.crates.io-1949cf8c6b5b557f/tower-0.5.2/src/util/mod.rs","byte_start":2269,"byte_end":2276,"line_start":89,"line_end":89,"column_start":8,"column_end":15,"is_primary":false,"text":[{"text":"    fn oneshot(self, req: Request) -> Oneshot<Self, Request>","highlight_start":8,"highlight_end":15}],"label":"the method is available for `Router` here","suggested_replacement":null,"suggestion_applicability":null,"expansion":null},{"file_name":"tests/api_auth.rs","byte_start":1540,"byte_end":1547,"line_start":50,"line_end":50,"column_start":10,"column_end":17,"is_primary":true,"text":[{"text":"        .oneshot(","highlight_start":10,"highlight_end":17}],"label":null,"suggested_replacement":null,"suggestion_applicability":null,"expansion":null}],"children":[{"message":"items from traits can only be used if the trait is in scope","code":null,"level":"help","spans":[],"children":[],"rendered":null},{"message":"there is a method `nest` with a similar name, but with different arguments","code":null,"level":"help","spans":[{"file_name":"/Users/yezune/.cargo/registry/src/index.crates.io-1949cf8c6b5b557f/axum-0.7.9/src/routing/mod.rs","byte_start":5508,"byte_end":5564,"line_start":195,"line_end":195,"column_start":5,"column_end":61,"is_primary":true,"text":[{"text":"    pub fn nest(self, path: &str, router: Router<S>) -> Self {","highlight_start":5,"highlight_end":61}],"label":null,"suggested_replacement":null,"suggestion_applicability":null,"expansion":null}],"children":[],"rendered":null},{"message":"trait `ServiceExt` which provides `oneshot` is implemented but not in scope; perhaps you want to import it","code":null,"level":"help","spans":[{"file_name":"tests/api_auth.rs","byte_start":0,"byte_end":0,"line_start":1,"line_end":1,"column_start":1,"column_end":1,"is_primary":true,"text":[],"label":null,"suggested_replacement":"use tower::util::ServiceExt;\n","suggestion_applicability":"MaybeIncorrect","expansion":null}],"children":[],"rendered":null}],"rendered":"\u001b[1m\u001b[91merror[E0599]\u001b[0m\u001b[1m: no method named `oneshot` found for struct `Router<S>` in the current scope\u001b[0m\n   \u001b[1m\u001b[94m--> \u001b[0mtests/api_auth.rs:50:10\n    \u001b[1m\u001b[94m|\u001b[0m\n\u001b[1m\u001b[94m 49\u001b[0m \u001b[1m\u001b[94m|\u001b[0m       let response = app.clone()\n    \u001b[1m\u001b[94m|\u001b[0m \u001b[1m\u001b[94m ____________________-\u001b[0m\n\u001b[1m\u001b[94m 50\u001b[0m \u001b[1m\u001b[94m|\u001b[0m \u001b[1m\u001b[94m|\u001b[0m         .oneshot(\n    \u001b[1m\u001b[94m|\u001b[0m \u001b[1m\u001b[94m|_________-\u001b[0m\u001b[1m\u001b[91m^^^^^^^\u001b[0m\n    \u001b[1m\u001b[94m|\u001b[0m\n   \u001b[1m\u001b[94m::: \u001b[0m/Users/yezune/.cargo/registry/src/index.crates.io-1949cf8c6b5b557f/tower-0.5.2/src/util/mod.rs:89:8\n    \u001b[1m\u001b[94m|\u001b[0m\n\u001b[1m\u001b[94m 89\u001b[0m \u001b[1m\u001b[94m|\u001b[0m       fn oneshot(self, req: Request) -> Oneshot<Self, Request>\n    \u001b[1m\u001b[94m|\u001b[0m          \u001b[1m\u001b[94m-------\u001b[0m \u001b[1m\u001b[94mthe method is available for `Router` here\u001b[0m\n    \u001b[1m\u001b[94m|\u001b[0m\n    \u001b[1m\u001b[94m= \u001b[0m\u001b[1mhelp\u001b[0m: items from traits can only be used if the trait is in scope\n\u001b[1m\u001b[96mhelp\u001b[0m: there is a method `nest` with a similar name, but with different arguments\n   \u001b[1m\u001b[94m--> \u001b[0m/Users/yezune/.cargo/registry/src/index.crates.io-1949cf8c6b5b557f/axum-0.7.9/src/routing/mod.rs:195:5\n    \u001b[1m\u001b[94m|\u001b[0m\n\u001b[1m\u001b[94m195\u001b[0m \u001b[1m\u001b[94m|\u001b[0m     pub fn nest(self, path: &str, router: Router<S>) -> Self {\n    \u001b[1m\u001b[94m|\u001b[0m     \u001b[1m\u001b[96m^^^^^^^^^^^^^^^^^^^^^^^^^^^^^^^^^^^^^^^^^^^^^^^^^^^^^^^^\u001b[0m\n\u001b[1m\u001b[96mhelp\u001b[0m: trait `ServiceExt` which provides `oneshot` is implemented but not in scope; perhaps you want to import it\n    \u001b[1m\u001b[94m|\u001b[0m\n\u001b[1m\u001b[94m  1\u001b[0m \u001b[92m+ use tower::util::ServiceExt;\u001b[0m\n    \u001b[1m\u001b[94m|\u001b[0m\n\n"}
{"$message_type":"diagnostic","message":"type annotations needed","code":{"code":"E0282","explanation":"The compiler could not infer a type and asked for a type annotation.\n\nErroneous code example:\n\n```compile_fail,E0282\nlet x = Vec::new();\n```\n\nThis error indicates that type inference did not result in one unique possible\ntype, and extra information is required. In most cases this can be provided\nby adding a type annotation. Sometimes you need to specify a generic type\nparameter manually.\n\nIn the example above, type `Vec` has a type parameter `T`. When calling\n`Vec::new`, barring any other later usage of the variable `x` that allows the\ncompiler to infer what type `T` is, the compiler needs to be told what it is.\n\nThe type can be specified on the variable:\n\n```\nlet x: Vec<i32> = Vec::new();\n```\n\nThe type can also be specified in the path of the expression:\n\n```\nlet x = Vec::<i32>::new();\n```\n\nIn cases with more complex types, it is not necessary to annotate the full\ntype. Once the ambiguity is resolved, the compiler can infer the rest:\n\n```\nlet x: Vec<_> = \"hello\".chars().rev().collect();\n```\n\nAnother way to provide the compiler with enough information, is to specify the\ngeneric type parameter:\n\n```\nlet x = \"hello\".chars().rev().collect::<Vec<char>>();\n```\n\nAgain, you need not specify the full type if the compiler can infer it:\n\n```\nlet x = \"hello\".chars().rev().collect::<Vec<_>>();\n```\n\nApart from a method or function with a generic type parameter, this error can\noccur when a type parameter of a struct or trait cannot be inferred. In that\ncase it is not always possible to use a type annotation, because all candidates\nhave the same return type. For instance:\n\n```compile_fail,E0282\nstruct Foo<T> {\n    num: T,\n}\n\nimpl<T> Foo<T> {\n    fn bar() -> i32 {\n        0\n    }\n\n    fn baz() {\n        let number = Foo::bar();\n    }\n}\n```\n\nThis will fail because the compiler does not know which instance of `Foo` to\ncall `bar` on. Change `Foo::bar()` to `Foo::<T>::bar()` to resolve the error.\n"},"level":"error","spans":[{"file_name":"tests/api_auth.rs","byte_start":1519,"byte_end":1914,"line_start":49,"line_end":61,"column_start":20,"column_end":15,"is_primary":true,"text":[{"text":"    let response = app.clone()","highlight_start":20,"highlight_end":31},{"text":"        .oneshot(","highlight_start":1,"highlight_end":18},{"text":"            Request::builder()","highlight_start":1,"highlight_end":31},{"text":"                .method(\"POST\")","highlight_start":1,"highlight_end":32},{"text":"                .uri(\"/api/auth/login\")","highlight_start":1,"highlight_end":40},{"text":"                .header(\"Content-Type\", \"application/json\")","highlight_start":1,"highlight_end":60},{"text":"                .body(Body::from(json!({","highlight_start":1,"highlight_end":41},{"text":"                    \"email\": email,","highlight_start":1,"highlight_end":36},{"text":"                    \"password\": password","highlight_start":1,"highlight_end":41},{"text":"                }).to_string()))","highlight_start":1,"highlight_end":33},{"text":"                .unwrap(),","highlight_start":1,"highlight_end":27},{"text":"        )","highlight_start":1,"highlight_end":10},{"text":"        .await","highlight_start":1,"highlight_end":15}],"label":"cannot infer type","suggested_replacement":null,"suggestion_applicability":null,"expansion":null}],"children":[],"rendered":"\u001b[1m\u001b[91merror[E0282]\u001b[0m\u001b[1m: type annotations needed\u001b[0m\n  \u001b[1m\u001b[94m--> \u001b[0mtests/api_auth.rs:49:20\n   \u001b[1m\u001b[94m|\u001b[0m\n\u001b[1m\u001b[94m49\u001b[0m \u001b[1m\u001b[94m|\u001b[0m       let response = app.clone()\n   \u001b[1m\u001b[94m|\u001b[0m \u001b[1m\u001b[91m ____________________^\u001b[0m\n\u001b[1m\u001b[94m50\u001b[0m \u001b[1m\u001b[94m|\u001b[0m \u001b[1m\u001b[91m|\u001b[0m         .oneshot(\n\u001b[1m\u001b[94m51\u001b[0m \u001b[1m\u001b[94m|\u001b[0m \u001b[1m\u001b[91m|\u001b[0m             Request::builder()\n\u001b[1m\u001b[94m52\u001b[0m \u001b[1m\u001b[94m|\u001b[0m \u001b[1m\u001b[91m|\u001b[0m                 .method(\"POST\")\n\u001b[1m\u001b[94m...\u001b[0m  \u001b[1m\u001b[91m|\u001b[0m\n\u001b[1m\u001b[94m61\u001b[0m \u001b[1m\u001b[94m|\u001b[0m \u001b[1m\u001b[91m|\u001b[0m         .await\n   \u001b[1m\u001b[94m|\u001b[0m \u001b[1m\u001b[91m|______________^\u001b[0m \u001b[1m\u001b[91mcannot infer type\u001b[0m\n\n"}
{"$message_type":"diagnostic","message":"no method named `oneshot` found for struct `Router<S>` in the current scope","code":{"code":"E0599","explanation":"This error occurs when a method is used on a type which doesn't implement it:\n\nErroneous code example:\n\n```compile_fail,E0599\nstruct Mouth;\n\nlet x = Mouth;\nx.chocolate(); // error: no method named `chocolate` found for type `Mouth`\n               //        in the current scope\n```\n\nIn this case, you need to implement the `chocolate` method to fix the error:\n\n```\nstruct Mouth;\n\nimpl Mouth {\n    fn chocolate(&self) { // We implement the `chocolate` method here.\n        println!(\"Hmmm! I love chocolate!\");\n    }\n}\n\nlet x = Mouth;\nx.chocolate(); // ok!\n```\n"},"level":"error","spans":[{"file_name":"tests/api_auth.rs","byte_start":2245,"byte_end":2266,"line_start":70,"line_end":71,"column_start":20,"column_end":10,"is_primary":false,"text":[{"text":"    let response = app.clone()","highlight_start":20,"highlight_end":31},{"text":"        .oneshot(","highlight_start":1,"highlight_end":10}],"label":"","suggested_replacement":null,"suggestion_applicability":null,"expansion":null},{"file_name":"/Users/yezune/.cargo/registry/src/index.crates.io-1949cf8c6b5b557f/tower-0.5.2/src/util/mod.rs","byte_start":2269,"byte_end":2276,"line_start":89,"line_end":89,"column_start":8,"column_end":15,"is_primary":false,"text":[{"text":"    fn oneshot(self, req: Request) -> Oneshot<Self, Request>","highlight_start":8,"highlight_end":15}],"label":"the method is available for `Router` here","suggested_replacement":null,"suggestion_applicability":null,"expansion":null},{"file_name":"tests/api_auth.rs","byte_start":2266,"byte_end":2273,"line_start":71,"line_end":71,"column_start":10,"column_end":17,"is_primary":true,"text":[{"text":"        .oneshot(","highlight_start":10,"highlight_end":17}],"label":null,"suggested_replacement":null,"suggestion_applicability":null,"expansion":null}],"children":[{"message":"items from traits can only be used if the trait is in scope","code":null,"level":"help","spans":[],"children":[],"rendered":null},{"message":"there is a method `nest` with a similar name, but with different arguments","code":null,"level":"help","spans":[{"file_name":"/Users/yezune/.cargo/registry/src/index.crates.io-1949cf8c6b5b557f/axum-0.7.9/src/routing/mod.rs","byte_start":5508,"byte_end":5564,"line_start":195,"line_end":195,"column_start":5,"column_end":61,"is_primary":true,"text":[{"text":"    pub fn nest(self, path: &str, router: Router<S>) -> Self {","highlight_start":5,"highlight_end":61}],"label":null,"suggested_replacement":null,"suggestion_applicability":null,"expansion":null}],"children":[],"rendered":null},{"message":"trait `ServiceExt` which provides `oneshot` is implemented but not in scope; perhaps you want to import it","code":null,"level":"help","spans":[{"file_name":"tests/api_auth.rs","byte_start":0,"byte_end":0,"line_start":1,"line_end":1,"column_start":1,"column_end":1,"is_primary":true,"text":[],"label":null,"suggested_replacement":"use tower::util::ServiceExt;\n","suggestion_applicability":"MaybeIncorrect","expansion":null}],"children":[],"rendered":null}],"rendered":"\u001b[1m\u001b[91merror[E0599]\u001b[0m\u001b[1m: no method named `oneshot` found for struct `Router<S>` in the current scope\u001b[0m\n   \u001b[1m\u001b[94m--> \u001b[0mtests/api_auth.rs:71:10\n    \u001b[1m\u001b[94m|\u001b[0m\n\u001b[1m\u001b[94m 70\u001b[0m \u001b[1m\u001b[94m|\u001b[0m       let response = app.clone()\n    \u001b[1m\u001b[94m|\u001b[0m \u001b[1m\u001b[94m ____________________-\u001b[0m\n\u001b[1m\u001b[94m 71\u001b[0m \u001b[1m\u001b[94m|\u001b[0m \u001b[1m\u001b[94m|\u001b[0m         .oneshot(\n    \u001b[1m\u001b[94m|\u001b[0m \u001b[1m\u001b[94m|_________-\u001b[0m\u001b[1m\u001b[91m^^^^^^^\u001b[0m\n    \u001b[1m\u001b[94m|\u001b[0m\n   \u001b[1m\u001b[94m::: \u001b[0m/Users/yezune/.cargo/registry/src/index.crates.io-1949cf8c6b5b557f/tower-0.5.2/src/util/mod.rs:89:8\n    \u001b[1m\u001b[94m|\u001b[0m\n\u001b[1m\u001b[94m 89\u001b[0m \u001b[1m\u001b[94m|\u001b[0m       fn oneshot(self, req: Request) -> Oneshot<Self, Request>\n    \u001b[1m\u001b[94m|\u001b[0m          \u001b[1m\u001b[94m-------\u001b[0m \u001b[1m\u001b[94mthe method is available for `Router` here\u001b[0m\n    \u001b[1m\u001b[94m|\u001b[0m\n    \u001b[1m\u001b[94m= \u001b[0m\u001b[1mhelp\u001b[0m: items from traits can only be used if the trait is in scope\n\u001b[1m\u001b[96mhelp\u001b[0m: there is a method `nest` with a similar name, but with different arguments\n   \u001b[1m\u001b[94m--> \u001b[0m/Users/yezune/.cargo/registry/src/index.crates.io-1949cf8c6b5b557f/axum-0.7.9/src/routing/mod.rs:195:5\n    \u001b[1m\u001b[94m|\u001b[0m\n\u001b[1m\u001b[94m195\u001b[0m \u001b[1m\u001b[94m|\u001b[0m     pub fn nest(self, path: &str, router: Router<S>) -> Self {\n    \u001b[1m\u001b[94m|\u001b[0m     \u001b[1m\u001b[96m^^^^^^^^^^^^^^^^^^^^^^^^^^^^^^^^^^^^^^^^^^^^^^^^^^^^^^^^\u001b[0m\n\u001b[1m\u001b[96mhelp\u001b[0m: trait `ServiceExt` which provides `oneshot` is implemented but not in scope; perhaps you want to import it\n    \u001b[1m\u001b[94m|\u001b[0m\n\u001b[1m\u001b[94m  1\u001b[0m \u001b[92m+ use tower::util::ServiceExt;\u001b[0m\n    \u001b[1m\u001b[94m|\u001b[0m\n\n"}
{"$message_type":"diagnostic","message":"type annotations needed","code":{"code":"E0282","explanation":"The compiler could not infer a type and asked for a type annotation.\n\nErroneous code example:\n\n```compile_fail,E0282\nlet x = Vec::new();\n```\n\nThis error indicates that type inference did not result in one unique possible\ntype, and extra information is required. In most cases this can be provided\nby adding a type annotation. Sometimes you need to specify a generic type\nparameter manually.\n\nIn the example above, type `Vec` has a type parameter `T`. When calling\n`Vec::new`, barring any other later usage of the variable `x` that allows the\ncompiler to infer what type `T` is, the compiler needs to be told what it is.\n\nThe type can be specified on the variable:\n\n```\nlet x: Vec<i32> = Vec::new();\n```\n\nThe type can also be specified in the path of the expression:\n\n```\nlet x = Vec::<i32>::new();\n```\n\nIn cases with more complex types, it is not necessary to annotate the full\ntype. Once the ambiguity is resolved, the compiler can infer the rest:\n\n```\nlet x: Vec<_> = \"hello\".chars().rev().collect();\n```\n\nAnother way to provide the compiler with enough information, is to specify the\ngeneric type parameter:\n\n```\nlet x = \"hello\".chars().rev().collect::<Vec<char>>();\n```\n\nAgain, you need not specify the full type if the compiler can infer it:\n\n```\nlet x = \"hello\".chars().rev().collect::<Vec<_>>();\n```\n\nApart from a method or function with a generic type parameter, this error can\noccur when a type parameter of a struct or trait cannot be inferred. In that\ncase it is not always possible to use a type annotation, because all candidates\nhave the same return type. For instance:\n\n```compile_fail,E0282\nstruct Foo<T> {\n    num: T,\n}\n\nimpl<T> Foo<T> {\n    fn bar() -> i32 {\n        0\n    }\n\n    fn baz() {\n        let number = Foo::bar();\n    }\n}\n```\n\nThis will fail because the compiler does not know which instance of `Foo` to\ncall `bar` on. Change `Foo::bar()` to `Foo::<T>::bar()` to resolve the error.\n"},"level":"error","spans":[{"file_name":"tests/api_auth.rs","byte_start":2245,"byte_end":2532,"line_start":70,"line_end":79,"column_start":20,"column_end":15,"is_primary":true,"text":[{"text":"    let response = app.clone()","highlight_start":20,"highlight_end":31},{"text":"        .oneshot(","highlight_start":1,"highlight_end":18},{"text":"            Request::builder()","highlight_start":1,"highlight_end":31},{"text":"                .method(\"GET\")","highlight_start":1,"highlight_end":31},{"text":"                .uri(\"/api/auth/me\")","highlight_start":1,"highlight_end":37},{"text":"                .header(\"Authorization\", format!(\"Bearer {}\", token))","highlight_start":1,"highlight_end":70},{"text":"                .body(Body::empty())","highlight_start":1,"highlight_end":37},{"text":"                .unwrap(),","highlight_start":1,"highlight_end":27},{"text":"        )","highlight_start":1,"highlight_end":10},{"text":"        .await","highlight_start":1,"highlight_end":15}],"label":"cannot infer type","suggested_replacement":null,"suggestion_applicability":null,"expansion":null}],"children":[],"rendered":"\u001b[1m\u001b[91merror[E0282]\u001b[0m\u001b[1m: type annotations needed\u001b[0m\n  \u001b[1m\u001b[94m--> \u001b[0mtests/api_auth.rs:70:20\n   \u001b[1m\u001b[94m|\u001b[0m\n\u001b[1m\u001b[94m70\u001b[0m \u001b[1m\u001b[94m|\u001b[0m       let response = app.clone()\n   \u001b[1m\u001b[94m|\u001b[0m \u001b[1m\u001b[91m ____________________^\u001b[0m\n\u001b[1m\u001b[94m71\u001b[0m \u001b[1m\u001b[94m|\u001b[0m \u001b[1m\u001b[91m|\u001b[0m         .oneshot(\n\u001b[1m\u001b[94m72\u001b[0m \u001b[1m\u001b[94m|\u001b[0m \u001b[1m\u001b[91m|\u001b[0m             Request::builder()\n\u001b[1m\u001b[94m73\u001b[0m \u001b[1m\u001b[94m|\u001b[0m \u001b[1m\u001b[91m|\u001b[0m                 .method(\"GET\")\n\u001b[1m\u001b[94m...\u001b[0m  \u001b[1m\u001b[91m|\u001b[0m\n\u001b[1m\u001b[94m79\u001b[0m \u001b[1m\u001b[94m|\u001b[0m \u001b[1m\u001b[91m|\u001b[0m         .await\n   \u001b[1m\u001b[94m|\u001b[0m \u001b[1m\u001b[91m|______________^\u001b[0m \u001b[1m\u001b[91mcannot infer type\u001b[0m\n\n"}
{"$message_type":"diagnostic","message":"aborting due to 7 previous errors; 1 warning emitted","code":null,"level":"error","spans":[],"children":[],"rendered":"\u001b[1m\u001b[91merror\u001b[0m\u001b[1m: aborting due to 7 previous errors; 1 warning emitted\u001b[0m\n\n"}
{"$message_type":"diagnostic","message":"Some errors have detailed explanations: E0282, E0432, E0599.","code":null,"level":"failure-note","spans":[],"children":[],"rendered":"\u001b[1mSome errors have detailed explanations: E0282, E0432, E0599.\u001b[0m\n"}
{"$message_type":"diagnostic","message":"For more information about an error, try `rustc --explain E0282`.","code":null,"level":"failure-note","spans":[],"children":[],"rendered":"\u001b[1mFor more information about an error, try `rustc --explain E0282`.\u001b[0m\n"}
